2023-08-29 19:02:30,164 [Worker-2: Loading available Gradle versions] INFO  o.e.b.c.i.u.g.PublishedGradleVersions - Gradle version information cache is out-of-date. Trying to update.
2023-08-29 19:04:40,659 [Worker-6: Loading available Gradle versions] INFO  o.e.b.c.i.u.g.PublishedGradleVersions - Gradle version information cache is up-to-date. Trying to read.
2023-08-29 19:06:50,360 [Worker-17: Importing Maven projects] INFO  o.e.m.c.i.l.LifecycleMappingFactory - Using org.eclipse.m2e.jdt.JarLifecycleMapping lifecycle mapping for MavenProject: com.example:ebookstoreapp:0.0.1-SNAPSHOT @ C:\Users\rahul\OneDrive\Desktop\AdvanceTrainingJavaMicroservices-main\AdvanceTrainingJavaMicroservices-main\(p6)ebookstoreapp\ebookstoreapp\pom.xml.
2023-08-29 19:06:53,628 [Worker-17: Importing Maven projects] INFO  o.e.m.j.i.AbstractJavaProjectConfigurator - Adding source folder /ebookstoreapp/src/main/java
2023-08-29 19:06:53,629 [Worker-17: Importing Maven projects] INFO  o.e.m.j.i.AbstractJavaProjectConfigurator - Adding resource folder /ebookstoreapp/src/main/resources
2023-08-29 19:06:53,631 [Worker-17: Importing Maven projects] INFO  o.e.m.j.i.AbstractJavaProjectConfigurator - Adding resource folder /ebookstoreapp/src/main/resources
2023-08-29 19:06:53,633 [Worker-17: Importing Maven projects] INFO  o.e.m.j.i.AbstractJavaProjectConfigurator - Adding source folder /ebookstoreapp/src/test/java
2023-08-29 19:06:53,634 [Worker-17: Importing Maven projects] ERROR o.e.m.j.i.AbstractJavaProjectConfigurator - Failed to find a compatible VM for environment id 'JavaSE-17', falling back to workspace default
2023-08-29 19:06:55,327 [Worker-17: Importing Maven projects] INFO  o.e.m.c.i.p.ProjectConfigurationManager - Imported and configured 1 project(s) in 8 sec
2023-08-29 19:06:55,501 [Worker-12: Updating Maven Project] INFO  o.e.m.c.i.p.ProjectConfigurationManager - Update started
2023-08-29 19:06:56,346 [Worker-12: Updating Maven Project] INFO  o.e.m.c.i.l.LifecycleMappingFactory - Using org.eclipse.m2e.jdt.JarLifecycleMapping lifecycle mapping for MavenProject: com.example:ebookstoreapp:0.0.1-SNAPSHOT @ C:\Users\rahul\OneDrive\Desktop\AdvanceTrainingJavaMicroservices-main\AdvanceTrainingJavaMicroservices-main\(p6)ebookstoreapp\ebookstoreapp\pom.xml.
2023-08-29 19:06:58,478 [Worker-12: Updating Maven Project] INFO  o.e.m.j.i.AbstractJavaProjectConfigurator - Adding source folder /ebookstoreapp/src/main/java
2023-08-29 19:06:58,479 [Worker-12: Updating Maven Project] INFO  o.e.m.j.i.AbstractJavaProjectConfigurator - Adding resource folder /ebookstoreapp/src/main/resources
2023-08-29 19:06:58,481 [Worker-12: Updating Maven Project] INFO  o.e.m.j.i.AbstractJavaProjectConfigurator - Adding resource folder /ebookstoreapp/src/main/resources
2023-08-29 19:06:58,482 [Worker-12: Updating Maven Project] INFO  o.e.m.j.i.AbstractJavaProjectConfigurator - Adding source folder /ebookstoreapp/src/test/java
2023-08-29 19:06:58,483 [Worker-12: Updating Maven Project] ERROR o.e.m.j.i.AbstractJavaProjectConfigurator - Failed to find a compatible VM for environment id 'JavaSE-17', falling back to workspace default
2023-08-29 19:07:00,451 [Worker-12: Updating Maven Project] INFO  o.e.m.c.i.p.ProjectConfigurationManager - Update completed for 1 poms: local refresh takes 0.00 sec, refresh facades takes 2.00 sec, update config takes 1.00 sec 
2023-08-29 19:07:02,699 [Worker-17: Building] INFO  o.a.m.s.f.DefaultMavenResourcesFiltering - Copying 1 resource from src\main\resources to target\classes
2023-08-29 19:07:03,029 [Worker-17: Building] INFO  o.a.m.s.f.DefaultMavenResourcesFiltering - Copying 0 resource from src\main\resources to target\classes
2023-08-29 19:07:03,038 [Worker-17: Building] INFO  o.a.m.s.f.DefaultMavenResourcesFiltering - skip non existing resourceDirectory C:\Users\rahul\OneDrive\Desktop\AdvanceTrainingJavaMicroservices-main\AdvanceTrainingJavaMicroservices-main\(p6)ebookstoreapp\ebookstoreapp\src\test\resources
2023-08-29 19:07:19,033 [Worker-30: Importing Maven projects] INFO  o.e.m.c.i.l.LifecycleMappingFactory - Using org.eclipse.m2e.jdt.JarLifecycleMapping lifecycle mapping for MavenProject: com.example:eBookStore-Config-Server:0.0.1-SNAPSHOT @ C:\Users\rahul\OneDrive\Desktop\AdvanceTrainingJavaMicroservices-main\AdvanceTrainingJavaMicroservices-main\(p5)eBookStore-Config-Server\eBookStore-Config-Server\pom.xml.
2023-08-29 19:07:21,898 [Worker-30: Importing Maven projects] INFO  o.e.m.j.i.AbstractJavaProjectConfigurator - Adding source folder /eBookStore-Config-Server/src/main/java
2023-08-29 19:07:21,899 [Worker-30: Importing Maven projects] INFO  o.e.m.j.i.AbstractJavaProjectConfigurator - Adding resource folder /eBookStore-Config-Server/src/main/resources
2023-08-29 19:07:21,900 [Worker-30: Importing Maven projects] INFO  o.e.m.j.i.AbstractJavaProjectConfigurator - Adding resource folder /eBookStore-Config-Server/src/main/resources
2023-08-29 19:07:21,901 [Worker-30: Importing Maven projects] INFO  o.e.m.j.i.AbstractJavaProjectConfigurator - Adding source folder /eBookStore-Config-Server/src/test/java
2023-08-29 19:07:21,903 [Worker-30: Importing Maven projects] ERROR o.e.m.j.i.AbstractJavaProjectConfigurator - Failed to find a compatible VM for environment id 'JavaSE-17', falling back to workspace default
2023-08-29 19:07:22,776 [Worker-30: Importing Maven projects] INFO  o.e.m.c.i.p.ProjectConfigurationManager - Imported and configured 1 project(s) in 4 sec
2023-08-29 19:07:23,138 [Worker-30: Updating Maven Project] INFO  o.e.m.c.i.p.ProjectConfigurationManager - Update started
2023-08-29 19:07:23,965 [Worker-30: Updating Maven Project] INFO  o.e.m.c.i.l.LifecycleMappingFactory - Using org.eclipse.m2e.jdt.JarLifecycleMapping lifecycle mapping for MavenProject: com.example:eBookStore-Config-Server:0.0.1-SNAPSHOT @ C:\Users\rahul\OneDrive\Desktop\AdvanceTrainingJavaMicroservices-main\AdvanceTrainingJavaMicroservices-main\(p5)eBookStore-Config-Server\eBookStore-Config-Server\pom.xml.
2023-08-29 19:07:25,594 [Worker-30: Updating Maven Project] INFO  o.e.m.j.i.AbstractJavaProjectConfigurator - Adding source folder /eBookStore-Config-Server/src/main/java
2023-08-29 19:07:25,595 [Worker-30: Updating Maven Project] INFO  o.e.m.j.i.AbstractJavaProjectConfigurator - Adding resource folder /eBookStore-Config-Server/src/main/resources
2023-08-29 19:07:25,596 [Worker-30: Updating Maven Project] INFO  o.e.m.j.i.AbstractJavaProjectConfigurator - Adding resource folder /eBookStore-Config-Server/src/main/resources
2023-08-29 19:07:25,597 [Worker-30: Updating Maven Project] INFO  o.e.m.j.i.AbstractJavaProjectConfigurator - Adding source folder /eBookStore-Config-Server/src/test/java
2023-08-29 19:07:25,597 [Worker-30: Updating Maven Project] ERROR o.e.m.j.i.AbstractJavaProjectConfigurator - Failed to find a compatible VM for environment id 'JavaSE-17', falling back to workspace default
2023-08-29 19:07:26,828 [Worker-30: Updating Maven Project] INFO  o.e.m.c.i.p.ProjectConfigurationManager - Update completed for 1 poms: local refresh takes 0.00 sec, refresh facades takes 2.00 sec, update config takes 0.00 sec 
2023-08-29 19:07:27,395 [Worker-26: Building] INFO  o.a.m.s.f.DefaultMavenResourcesFiltering - Copying 1 resource from src\main\resources to target\classes
2023-08-29 19:07:27,436 [Worker-26: Building] INFO  o.a.m.s.f.DefaultMavenResourcesFiltering - Copying 0 resource from src\main\resources to target\classes
2023-08-29 19:07:27,445 [Worker-26: Building] INFO  o.a.m.s.f.DefaultMavenResourcesFiltering - skip non existing resourceDirectory C:\Users\rahul\OneDrive\Desktop\AdvanceTrainingJavaMicroservices-main\AdvanceTrainingJavaMicroservices-main\(p5)eBookStore-Config-Server\eBookStore-Config-Server\src\test\resources
2023-08-29 19:08:46,388 [Worker-12: Importing Maven projects] INFO  o.e.m.c.i.l.LifecycleMappingFactory - Using org.eclipse.m2e.jdt.JarLifecycleMapping lifecycle mapping for MavenProject: com.example:eBookStore-Eureka-Server:0.0.1-SNAPSHOT @ C:\Users\rahul\OneDrive\Desktop\AdvanceTrainingJavaMicroservices-main\AdvanceTrainingJavaMicroservices-main\eBookStore-Eureka-Server (p11)\eBookStore-Eureka-Server\pom.xml.
2023-08-29 19:08:47,751 [Worker-12: Importing Maven projects] INFO  o.e.m.c.i.e.AbstractTransferListenerAdapter - Downloading https://repo.maven.apache.org/maven2/org/springframework/boot/spring-boot-starter-freemarker/3.1.3/spring-boot-starter-freemarker-3.1.3.pom
2023-08-29 19:08:47,822 [Worker-12: Importing Maven projects] INFO  o.e.m.c.i.e.AbstractTransferListenerAdapter - Downloaded https://repo.maven.apache.org/maven2/org/springframework/boot/spring-boot-starter-freemarker/3.1.3/spring-boot-starter-freemarker-3.1.3.pom
2023-08-29 19:08:48,191 [Worker-12: Importing Maven projects] INFO  o.e.m.c.i.e.AbstractTransferListenerAdapter - Downloading https://repo.maven.apache.org/maven2/org/glassfish/jersey/core/jersey-client/3.1.3/jersey-client-3.1.3.pom
2023-08-29 19:08:48,255 [Worker-12: Importing Maven projects] INFO  o.e.m.c.i.e.AbstractTransferListenerAdapter - Downloaded https://repo.maven.apache.org/maven2/org/glassfish/jersey/core/jersey-client/3.1.3/jersey-client-3.1.3.pom
2023-08-29 19:08:48,312 [Worker-12: Importing Maven projects] INFO  o.e.m.c.i.e.AbstractTransferListenerAdapter - Downloading https://repo.maven.apache.org/maven2/org/glassfish/jersey/project/3.1.3/project-3.1.3.pom
2023-08-29 19:08:48,512 [Worker-12: Importing Maven projects] INFO  o.e.m.c.i.e.AbstractTransferListenerAdapter - Downloaded https://repo.maven.apache.org/maven2/org/glassfish/jersey/project/3.1.3/project-3.1.3.pom
2023-08-29 19:08:48,567 [Worker-12: Importing Maven projects] INFO  o.e.m.c.i.e.AbstractTransferListenerAdapter - Downloading https://repo.maven.apache.org/maven2/org/glassfish/jersey/core/jersey-common/3.1.3/jersey-common-3.1.3.pom
2023-08-29 19:08:48,625 [Worker-12: Importing Maven projects] INFO  o.e.m.c.i.e.AbstractTransferListenerAdapter - Downloaded https://repo.maven.apache.org/maven2/org/glassfish/jersey/core/jersey-common/3.1.3/jersey-common-3.1.3.pom
2023-08-29 19:08:48,692 [Worker-12: Importing Maven projects] INFO  o.e.m.c.i.e.AbstractTransferListenerAdapter - Downloading https://repo.maven.apache.org/maven2/org/glassfish/jersey/inject/jersey-hk2/3.1.3/jersey-hk2-3.1.3.pom
2023-08-29 19:08:48,750 [Worker-12: Importing Maven projects] INFO  o.e.m.c.i.e.AbstractTransferListenerAdapter - Downloaded https://repo.maven.apache.org/maven2/org/glassfish/jersey/inject/jersey-hk2/3.1.3/jersey-hk2-3.1.3.pom
2023-08-29 19:08:48,857 [Worker-12: Importing Maven projects] INFO  o.e.m.c.i.e.AbstractTransferListenerAdapter - Downloading https://repo.maven.apache.org/maven2/org/glassfish/jersey/inject/project/3.1.3/project-3.1.3.pom
2023-08-29 19:08:48,938 [Worker-12: Importing Maven projects] INFO  o.e.m.c.i.e.AbstractTransferListenerAdapter - Downloaded https://repo.maven.apache.org/maven2/org/glassfish/jersey/inject/project/3.1.3/project-3.1.3.pom
2023-08-29 19:08:49,022 [Worker-12: Importing Maven projects] INFO  o.e.m.c.i.e.AbstractTransferListenerAdapter - Downloading https://repo.maven.apache.org/maven2/org/javassist/javassist/3.29.2-GA/javassist-3.29.2-GA.pom
2023-08-29 19:08:49,080 [Worker-12: Importing Maven projects] INFO  o.e.m.c.i.e.AbstractTransferListenerAdapter - Downloaded https://repo.maven.apache.org/maven2/org/javassist/javassist/3.29.2-GA/javassist-3.29.2-GA.pom
2023-08-29 19:08:49,137 [Worker-12: Importing Maven projects] INFO  o.e.m.c.i.e.AbstractTransferListenerAdapter - Downloading https://repo.maven.apache.org/maven2/org/glassfish/jersey/connectors/jersey-apache-connector/3.1.3/jersey-apache-connector-3.1.3.pom
2023-08-29 19:08:49,188 [Worker-12: Importing Maven projects] INFO  o.e.m.c.i.e.AbstractTransferListenerAdapter - Downloaded https://repo.maven.apache.org/maven2/org/glassfish/jersey/connectors/jersey-apache-connector/3.1.3/jersey-apache-connector-3.1.3.pom
2023-08-29 19:08:49,259 [Worker-12: Importing Maven projects] INFO  o.e.m.c.i.e.AbstractTransferListenerAdapter - Downloading https://repo.maven.apache.org/maven2/org/glassfish/jersey/connectors/project/3.1.3/project-3.1.3.pom
2023-08-29 19:08:49,313 [Worker-12: Importing Maven projects] INFO  o.e.m.c.i.e.AbstractTransferListenerAdapter - Downloaded https://repo.maven.apache.org/maven2/org/glassfish/jersey/connectors/project/3.1.3/project-3.1.3.pom
2023-08-29 19:08:49,425 [Worker-12: Importing Maven projects] INFO  o.e.m.c.i.e.AbstractTransferListenerAdapter - Downloading https://repo.maven.apache.org/maven2/org/glassfish/jersey/containers/jersey-container-servlet/3.1.3/jersey-container-servlet-3.1.3.pom
2023-08-29 19:08:49,476 [Worker-12: Importing Maven projects] INFO  o.e.m.c.i.e.AbstractTransferListenerAdapter - Downloaded https://repo.maven.apache.org/maven2/org/glassfish/jersey/containers/jersey-container-servlet/3.1.3/jersey-container-servlet-3.1.3.pom
2023-08-29 19:08:49,527 [Worker-12: Importing Maven projects] INFO  o.e.m.c.i.e.AbstractTransferListenerAdapter - Downloading https://repo.maven.apache.org/maven2/org/glassfish/jersey/containers/project/3.1.3/project-3.1.3.pom
2023-08-29 19:08:49,578 [Worker-12: Importing Maven projects] INFO  o.e.m.c.i.e.AbstractTransferListenerAdapter - Downloaded https://repo.maven.apache.org/maven2/org/glassfish/jersey/containers/project/3.1.3/project-3.1.3.pom
2023-08-29 19:08:49,632 [Worker-12: Importing Maven projects] INFO  o.e.m.c.i.e.AbstractTransferListenerAdapter - Downloading https://repo.maven.apache.org/maven2/org/glassfish/jersey/containers/jersey-container-servlet-core/3.1.3/jersey-container-servlet-core-3.1.3.pom
2023-08-29 19:08:49,683 [Worker-12: Importing Maven projects] INFO  o.e.m.c.i.e.AbstractTransferListenerAdapter - Downloaded https://repo.maven.apache.org/maven2/org/glassfish/jersey/containers/jersey-container-servlet-core/3.1.3/jersey-container-servlet-core-3.1.3.pom
2023-08-29 19:08:49,735 [Worker-12: Importing Maven projects] INFO  o.e.m.c.i.e.AbstractTransferListenerAdapter - Downloading https://repo.maven.apache.org/maven2/org/glassfish/jersey/core/jersey-server/3.1.3/jersey-server-3.1.3.pom
2023-08-29 19:08:49,790 [Worker-12: Importing Maven projects] INFO  o.e.m.c.i.e.AbstractTransferListenerAdapter - Downloaded https://repo.maven.apache.org/maven2/org/glassfish/jersey/core/jersey-server/3.1.3/jersey-server-3.1.3.pom
2023-08-29 19:08:50,306 [AetherRepositoryConnector-repo.maven.apache.org-0-0] INFO  o.e.m.c.i.e.AbstractTransferListenerAdapter - Downloading https://repo.maven.apache.org/maven2/org/springframework/boot/spring-boot-starter-freemarker/3.1.3/spring-boot-starter-freemarker-3.1.3.jar
2023-08-29 19:08:50,340 [AetherRepositoryConnector-repo.maven.apache.org-0-3] INFO  o.e.m.c.i.e.AbstractTransferListenerAdapter - Downloading https://repo.maven.apache.org/maven2/org/glassfish/jersey/containers/jersey-container-servlet-core/3.1.3/jersey-container-servlet-core-3.1.3.jar
2023-08-29 19:08:50,344 [AetherRepositoryConnector-repo.maven.apache.org-0-1] INFO  o.e.m.c.i.e.AbstractTransferListenerAdapter - Downloading https://repo.maven.apache.org/maven2/org/glassfish/jersey/connectors/jersey-apache-connector/3.1.3/jersey-apache-connector-3.1.3.jar
2023-08-29 19:08:50,375 [AetherRepositoryConnector-repo.maven.apache.org-0-2] INFO  o.e.m.c.i.e.AbstractTransferListenerAdapter - Downloading https://repo.maven.apache.org/maven2/org/glassfish/jersey/containers/jersey-container-servlet/3.1.3/jersey-container-servlet-3.1.3.jar
2023-08-29 19:08:50,383 [AetherRepositoryConnector-repo.maven.apache.org-0-4] INFO  o.e.m.c.i.e.AbstractTransferListenerAdapter - Downloading https://repo.maven.apache.org/maven2/org/glassfish/jersey/core/jersey-common/3.1.3/jersey-common-3.1.3.jar
2023-08-29 19:08:50,419 [AetherRepositoryConnector-repo.maven.apache.org-0-0] INFO  o.e.m.c.i.e.AbstractTransferListenerAdapter - Downloaded https://repo.maven.apache.org/maven2/org/springframework/boot/spring-boot-starter-freemarker/3.1.3/spring-boot-starter-freemarker-3.1.3.jar
2023-08-29 19:08:50,466 [AetherRepositoryConnector-repo.maven.apache.org-0-3] INFO  o.e.m.c.i.e.AbstractTransferListenerAdapter - Downloaded https://repo.maven.apache.org/maven2/org/glassfish/jersey/containers/jersey-container-servlet-core/3.1.3/jersey-container-servlet-core-3.1.3.jar
2023-08-29 19:08:50,470 [AetherRepositoryConnector-repo.maven.apache.org-0-1] INFO  o.e.m.c.i.e.AbstractTransferListenerAdapter - Downloaded https://repo.maven.apache.org/maven2/org/glassfish/jersey/connectors/jersey-apache-connector/3.1.3/jersey-apache-connector-3.1.3.jar
2023-08-29 19:08:50,510 [AetherRepositoryConnector-repo.maven.apache.org-0-2] INFO  o.e.m.c.i.e.AbstractTransferListenerAdapter - Downloaded https://repo.maven.apache.org/maven2/org/glassfish/jersey/containers/jersey-container-servlet/3.1.3/jersey-container-servlet-3.1.3.jar
2023-08-29 19:08:50,705 [AetherRepositoryConnector-repo.maven.apache.org-0-0] INFO  o.e.m.c.i.e.AbstractTransferListenerAdapter - Downloading https://repo.maven.apache.org/maven2/org/glassfish/jersey/core/jersey-server/3.1.3/jersey-server-3.1.3.jar
2023-08-29 19:08:50,944 [AetherRepositoryConnector-repo.maven.apache.org-0-3] INFO  o.e.m.c.i.e.AbstractTransferListenerAdapter - Downloading https://repo.maven.apache.org/maven2/org/glassfish/jersey/core/jersey-client/3.1.3/jersey-client-3.1.3.jar
2023-08-29 19:08:51,018 [AetherRepositoryConnector-repo.maven.apache.org-0-1] INFO  o.e.m.c.i.e.AbstractTransferListenerAdapter - Downloading https://repo.maven.apache.org/maven2/org/glassfish/jersey/inject/jersey-hk2/3.1.3/jersey-hk2-3.1.3.jar
2023-08-29 19:08:51,038 [AetherRepositoryConnector-repo.maven.apache.org-0-2] INFO  o.e.m.c.i.e.AbstractTransferListenerAdapter - Downloading https://repo.maven.apache.org/maven2/org/javassist/javassist/3.29.2-GA/javassist-3.29.2-GA.jar
2023-08-29 19:08:51,315 [AetherRepositoryConnector-repo.maven.apache.org-0-0] INFO  o.e.m.c.i.e.AbstractTransferListenerAdapter - Downloaded https://repo.maven.apache.org/maven2/org/glassfish/jersey/core/jersey-server/3.1.3/jersey-server-3.1.3.jar
2023-08-29 19:08:51,316 [AetherRepositoryConnector-repo.maven.apache.org-0-3] INFO  o.e.m.c.i.e.AbstractTransferListenerAdapter - Downloaded https://repo.maven.apache.org/maven2/org/glassfish/jersey/core/jersey-client/3.1.3/jersey-client-3.1.3.jar
2023-08-29 19:08:51,316 [AetherRepositoryConnector-repo.maven.apache.org-0-4] INFO  o.e.m.c.i.e.AbstractTransferListenerAdapter - Downloaded https://repo.maven.apache.org/maven2/org/glassfish/jersey/core/jersey-common/3.1.3/jersey-common-3.1.3.jar
2023-08-29 19:08:51,321 [AetherRepositoryConnector-repo.maven.apache.org-0-1] INFO  o.e.m.c.i.e.AbstractTransferListenerAdapter - Downloaded https://repo.maven.apache.org/maven2/org/glassfish/jersey/inject/jersey-hk2/3.1.3/jersey-hk2-3.1.3.jar
2023-08-29 19:08:51,387 [AetherRepositoryConnector-repo.maven.apache.org-0-2] INFO  o.e.m.c.i.e.AbstractTransferListenerAdapter - Downloaded https://repo.maven.apache.org/maven2/org/javassist/javassist/3.29.2-GA/javassist-3.29.2-GA.jar
2023-08-29 19:08:53,098 [Worker-29: Download sources and javadoc] INFO  o.e.m.c.i.e.AbstractTransferListenerAdapter - Downloading https://repo.maven.apache.org/maven2/org/springframework/boot/spring-boot-starter-freemarker/3.1.3/spring-boot-starter-freemarker-3.1.3-sources.jar
2023-08-29 19:08:53,174 [Worker-29: Download sources and javadoc] INFO  o.e.m.c.i.e.AbstractTransferListenerAdapter - Downloaded https://repo.maven.apache.org/maven2/org/springframework/boot/spring-boot-starter-freemarker/3.1.3/spring-boot-starter-freemarker-3.1.3-sources.jar
2023-08-29 19:08:53,182 [Worker-29: Download sources and javadoc] INFO  o.e.m.j.internal.DownloadSourcesJob - Downloaded sources for org.springframework.boot:spring-boot-starter-freemarker:3.1.3
2023-08-29 19:08:53,271 [Worker-12: Importing Maven projects] INFO  o.e.m.j.i.AbstractJavaProjectConfigurator - Adding source folder /eBookStore-Eureka-Server/src/main/java
2023-08-29 19:08:53,272 [Worker-12: Importing Maven projects] INFO  o.e.m.j.i.AbstractJavaProjectConfigurator - Adding resource folder /eBookStore-Eureka-Server/src/main/resources
2023-08-29 19:08:53,280 [Worker-12: Importing Maven projects] INFO  o.e.m.j.i.AbstractJavaProjectConfigurator - Adding resource folder /eBookStore-Eureka-Server/src/main/resources
2023-08-29 19:08:53,291 [Worker-12: Importing Maven projects] INFO  o.e.m.j.i.AbstractJavaProjectConfigurator - Adding source folder /eBookStore-Eureka-Server/src/test/java
2023-08-29 19:08:53,292 [Worker-12: Importing Maven projects] ERROR o.e.m.j.i.AbstractJavaProjectConfigurator - Failed to find a compatible VM for environment id 'JavaSE-17', falling back to workspace default
2023-08-29 19:08:53,377 [Worker-29: Download sources and javadoc] INFO  o.e.m.c.i.e.AbstractTransferListenerAdapter - Downloading https://repo.maven.apache.org/maven2/org/glassfish/jersey/connectors/jersey-apache-connector/3.1.3/jersey-apache-connector-3.1.3-sources.jar
2023-08-29 19:08:53,468 [Worker-29: Download sources and javadoc] INFO  o.e.m.c.i.e.AbstractTransferListenerAdapter - Downloaded https://repo.maven.apache.org/maven2/org/glassfish/jersey/connectors/jersey-apache-connector/3.1.3/jersey-apache-connector-3.1.3-sources.jar
2023-08-29 19:08:53,475 [Worker-29: Download sources and javadoc] INFO  o.e.m.j.internal.DownloadSourcesJob - Downloaded sources for org.glassfish.jersey.connectors:jersey-apache-connector:3.1.3
2023-08-29 19:08:53,655 [Worker-29: Download sources and javadoc] INFO  o.e.m.c.i.e.AbstractTransferListenerAdapter - Downloading https://repo.maven.apache.org/maven2/org/glassfish/jersey/containers/jersey-container-servlet/3.1.3/jersey-container-servlet-3.1.3-sources.jar
2023-08-29 19:08:53,732 [Worker-29: Download sources and javadoc] INFO  o.e.m.c.i.e.AbstractTransferListenerAdapter - Downloaded https://repo.maven.apache.org/maven2/org/glassfish/jersey/containers/jersey-container-servlet/3.1.3/jersey-container-servlet-3.1.3-sources.jar
2023-08-29 19:08:53,740 [Worker-29: Download sources and javadoc] INFO  o.e.m.j.internal.DownloadSourcesJob - Downloaded sources for org.glassfish.jersey.containers:jersey-container-servlet:3.1.3
2023-08-29 19:08:53,939 [Worker-29: Download sources and javadoc] INFO  o.e.m.c.i.e.AbstractTransferListenerAdapter - Downloading https://repo.maven.apache.org/maven2/org/glassfish/jersey/containers/jersey-container-servlet-core/3.1.3/jersey-container-servlet-core-3.1.3-sources.jar
2023-08-29 19:08:54,029 [Worker-29: Download sources and javadoc] INFO  o.e.m.c.i.e.AbstractTransferListenerAdapter - Downloaded https://repo.maven.apache.org/maven2/org/glassfish/jersey/containers/jersey-container-servlet-core/3.1.3/jersey-container-servlet-core-3.1.3-sources.jar
2023-08-29 19:08:54,037 [Worker-29: Download sources and javadoc] INFO  o.e.m.j.internal.DownloadSourcesJob - Downloaded sources for org.glassfish.jersey.containers:jersey-container-servlet-core:3.1.3
2023-08-29 19:08:54,255 [Worker-29: Download sources and javadoc] INFO  o.e.m.c.i.e.AbstractTransferListenerAdapter - Downloading https://repo.maven.apache.org/maven2/org/glassfish/jersey/core/jersey-common/3.1.3/jersey-common-3.1.3-sources.jar
2023-08-29 19:08:54,502 [Worker-29: Download sources and javadoc] INFO  o.e.m.c.i.e.AbstractTransferListenerAdapter - Downloaded https://repo.maven.apache.org/maven2/org/glassfish/jersey/core/jersey-common/3.1.3/jersey-common-3.1.3-sources.jar
2023-08-29 19:08:54,512 [Worker-29: Download sources and javadoc] INFO  o.e.m.j.internal.DownloadSourcesJob - Downloaded sources for org.glassfish.jersey.core:jersey-common:3.1.3
2023-08-29 19:08:54,689 [Worker-29: Download sources and javadoc] INFO  o.e.m.c.i.e.AbstractTransferListenerAdapter - Downloading https://repo.maven.apache.org/maven2/org/glassfish/jersey/core/jersey-server/3.1.3/jersey-server-3.1.3-sources.jar
2023-08-29 19:08:54,691 [Worker-12: Importing Maven projects] INFO  o.e.m.c.i.p.ProjectConfigurationManager - Imported and configured 1 project(s) in 9 sec
2023-08-29 19:08:54,917 [Worker-29: Download sources and javadoc] INFO  o.e.m.c.i.e.AbstractTransferListenerAdapter - Downloaded https://repo.maven.apache.org/maven2/org/glassfish/jersey/core/jersey-server/3.1.3/jersey-server-3.1.3-sources.jar
2023-08-29 19:08:54,925 [Worker-29: Download sources and javadoc] INFO  o.e.m.j.internal.DownloadSourcesJob - Downloaded sources for org.glassfish.jersey.core:jersey-server:3.1.3
2023-08-29 19:08:55,105 [Worker-29: Download sources and javadoc] INFO  o.e.m.c.i.e.AbstractTransferListenerAdapter - Downloading https://repo.maven.apache.org/maven2/org/glassfish/jersey/core/jersey-client/3.1.3/jersey-client-3.1.3-sources.jar
2023-08-29 19:08:55,253 [Worker-29: Download sources and javadoc] INFO  o.e.m.c.i.e.AbstractTransferListenerAdapter - Downloaded https://repo.maven.apache.org/maven2/org/glassfish/jersey/core/jersey-client/3.1.3/jersey-client-3.1.3-sources.jar
2023-08-29 19:08:55,260 [Worker-29: Download sources and javadoc] INFO  o.e.m.j.internal.DownloadSourcesJob - Downloaded sources for org.glassfish.jersey.core:jersey-client:3.1.3
2023-08-29 19:08:55,462 [Worker-29: Download sources and javadoc] INFO  o.e.m.c.i.e.AbstractTransferListenerAdapter - Downloading https://repo.maven.apache.org/maven2/org/glassfish/jersey/inject/jersey-hk2/3.1.3/jersey-hk2-3.1.3-sources.jar
2023-08-29 19:08:55,560 [Worker-29: Download sources and javadoc] INFO  o.e.m.c.i.e.AbstractTransferListenerAdapter - Downloaded https://repo.maven.apache.org/maven2/org/glassfish/jersey/inject/jersey-hk2/3.1.3/jersey-hk2-3.1.3-sources.jar
2023-08-29 19:08:55,568 [Worker-29: Download sources and javadoc] INFO  o.e.m.j.internal.DownloadSourcesJob - Downloaded sources for org.glassfish.jersey.inject:jersey-hk2:3.1.3
2023-08-29 19:08:55,600 [Worker-17: Building] INFO  o.a.m.s.f.DefaultMavenResourcesFiltering - Copying 1 resource from src\main\resources to target\classes
2023-08-29 19:08:55,636 [Worker-17: Building] INFO  o.a.m.s.f.DefaultMavenResourcesFiltering - Copying 0 resource from src\main\resources to target\classes
2023-08-29 19:08:55,644 [Worker-17: Building] INFO  o.a.m.s.f.DefaultMavenResourcesFiltering - skip non existing resourceDirectory C:\Users\rahul\OneDrive\Desktop\AdvanceTrainingJavaMicroservices-main\AdvanceTrainingJavaMicroservices-main\eBookStore-Eureka-Server (p11)\eBookStore-Eureka-Server\src\test\resources
2023-08-29 19:08:55,756 [Worker-29: Download sources and javadoc] INFO  o.e.m.c.i.e.AbstractTransferListenerAdapter - Downloading https://repo.maven.apache.org/maven2/org/javassist/javassist/3.29.2-GA/javassist-3.29.2-GA-sources.jar
2023-08-29 19:08:55,973 [Worker-29: Download sources and javadoc] INFO  o.e.m.c.i.e.AbstractTransferListenerAdapter - Downloaded https://repo.maven.apache.org/maven2/org/javassist/javassist/3.29.2-GA/javassist-3.29.2-GA-sources.jar
2023-08-29 19:08:55,980 [Worker-29: Download sources and javadoc] INFO  o.e.m.j.internal.DownloadSourcesJob - Downloaded sources for org.javassist:javassist:3.29.2-GA
2023-08-29 19:17:28,639 [Worker-12: Building] INFO  o.a.m.s.f.DefaultMavenResourcesFiltering - Copying 1 resource from src\main\resources to target\classes
2023-08-29 19:17:28,658 [Worker-12: Building] INFO  o.a.m.s.f.DefaultMavenResourcesFiltering - Copying 0 resource from src\main\resources to target\classes
2023-08-29 19:17:28,663 [Worker-12: Building] INFO  o.a.m.s.f.DefaultMavenResourcesFiltering - skip non existing resourceDirectory C:\Users\rahul\OneDrive\Desktop\AdvanceTrainingJavaMicroservices-main\AdvanceTrainingJavaMicroservices-main\(p6)ebookstoreapp\ebookstoreapp\src\test\resources
2023-08-29 19:30:01,061 [Worker-26: Building] INFO  o.a.m.s.f.DefaultMavenResourcesFiltering - Copying 1 resource from src\main\resources to target\classes
2023-08-29 19:30:01,078 [Worker-26: Building] INFO  o.a.m.s.f.DefaultMavenResourcesFiltering - Copying 0 resource from src\main\resources to target\classes
2023-08-29 19:30:01,085 [Worker-26: Building] INFO  o.a.m.s.f.DefaultMavenResourcesFiltering - skip non existing resourceDirectory C:\Users\rahul\OneDrive\Desktop\AdvanceTrainingJavaMicroservices-main\AdvanceTrainingJavaMicroservices-main\(p6)ebookstoreapp\ebookstoreapp\src\test\resources
2023-08-29 19:36:02,754 [Worker-38: Building] INFO  o.a.m.s.f.DefaultMavenResourcesFiltering - Copying 1 resource from src\main\resources to target\classes
2023-08-29 19:36:02,846 [Worker-38: Building] INFO  o.a.m.s.f.DefaultMavenResourcesFiltering - Copying 0 resource from src\main\resources to target\classes
2023-08-29 19:36:02,856 [Worker-38: Building] INFO  o.a.m.s.f.DefaultMavenResourcesFiltering - skip non existing resourceDirectory C:\Users\rahul\OneDrive\Desktop\AdvanceTrainingJavaMicroservices-main\AdvanceTrainingJavaMicroservices-main\(p6)ebookstoreapp\ebookstoreapp\src\test\resources
2023-08-29 19:38:57,598 [Worker-38: Building] INFO  o.a.m.s.f.DefaultMavenResourcesFiltering - Copying 1 resource from src\main\resources to target\classes
2023-08-29 19:38:57,613 [Worker-38: Building] INFO  o.a.m.s.f.DefaultMavenResourcesFiltering - Copying 0 resource from src\main\resources to target\classes
2023-08-29 19:38:57,620 [Worker-38: Building] INFO  o.a.m.s.f.DefaultMavenResourcesFiltering - skip non existing resourceDirectory C:\Users\rahul\OneDrive\Desktop\AdvanceTrainingJavaMicroservices-main\AdvanceTrainingJavaMicroservices-main\(p6)ebookstoreapp\ebookstoreapp\src\test\resources
2023-08-29 20:31:34,017 [Worker-55: Building] INFO  o.a.m.s.f.DefaultMavenResourcesFiltering - Copying 0 resource from src\main\resources to target\classes
2023-08-29 20:31:34,024 [Worker-55: Building] INFO  o.a.m.s.f.DefaultMavenResourcesFiltering - Copying 1 resource from src\main\resources to target\classes
2023-08-29 20:31:34,042 [Worker-55: Building] INFO  o.a.m.s.f.DefaultMavenResourcesFiltering - skip non existing resourceDirectory C:\Users\rahul\OneDrive\Desktop\AdvanceTrainingJavaMicroservices-main\AdvanceTrainingJavaMicroservices-main\(p6)ebookstoreapp\ebookstoreapp\src\test\resources
2023-08-29 20:31:57,173 [Worker-58: Building] INFO  o.a.m.s.f.DefaultMavenResourcesFiltering - Copying 0 resource from src\main\resources to target\classes
2023-08-29 20:31:57,174 [Worker-58: Building] INFO  o.a.m.s.f.DefaultMavenResourcesFiltering - Copying 1 resource from src\main\resources to target\classes
2023-08-29 20:31:57,181 [Worker-58: Building] INFO  o.a.m.s.f.DefaultMavenResourcesFiltering - skip non existing resourceDirectory C:\Users\rahul\OneDrive\Desktop\AdvanceTrainingJavaMicroservices-main\AdvanceTrainingJavaMicroservices-main\(p6)ebookstoreapp\ebookstoreapp\src\test\resources
2023-08-29 20:32:44,587 [Worker-53: Building] INFO  o.a.m.s.f.DefaultMavenResourcesFiltering - Copying 0 resource from src\main\resources to target\classes
2023-08-29 20:32:44,589 [Worker-53: Building] INFO  o.a.m.s.f.DefaultMavenResourcesFiltering - Copying 1 resource from src\main\resources to target\classes
2023-08-29 20:32:44,598 [Worker-53: Building] INFO  o.a.m.s.f.DefaultMavenResourcesFiltering - skip non existing resourceDirectory C:\Users\rahul\OneDrive\Desktop\AdvanceTrainingJavaMicroservices-main\AdvanceTrainingJavaMicroservices-main\(p6)ebookstoreapp\ebookstoreapp\src\test\resources
2023-08-29 20:34:14,384 [Worker-56: Building] INFO  o.a.m.s.f.DefaultMavenResourcesFiltering - Copying 0 resource from src\main\resources to target\classes
2023-08-29 20:34:14,385 [Worker-56: Building] INFO  o.a.m.s.f.DefaultMavenResourcesFiltering - Copying 1 resource from src\main\resources to target\classes
2023-08-29 20:34:14,393 [Worker-56: Building] INFO  o.a.m.s.f.DefaultMavenResourcesFiltering - skip non existing resourceDirectory C:\Users\rahul\OneDrive\Desktop\AdvanceTrainingJavaMicroservices-main\AdvanceTrainingJavaMicroservices-main\(p6)ebookstoreapp\ebookstoreapp\src\test\resources
2023-08-29 20:34:37,698 [Worker-59: Building] INFO  o.a.m.s.f.DefaultMavenResourcesFiltering - Copying 0 resource from src\main\resources to target\classes
2023-08-29 20:34:37,699 [Worker-59: Building] INFO  o.a.m.s.f.DefaultMavenResourcesFiltering - Copying 1 resource from src\main\resources to target\classes
2023-08-29 20:34:37,710 [Worker-59: Building] INFO  o.a.m.s.f.DefaultMavenResourcesFiltering - skip non existing resourceDirectory C:\Users\rahul\OneDrive\Desktop\AdvanceTrainingJavaMicroservices-main\AdvanceTrainingJavaMicroservices-main\(p6)ebookstoreapp\ebookstoreapp\src\test\resources
2023-08-29 20:36:32,272 [Worker-56: Building] INFO  o.a.m.s.f.DefaultMavenResourcesFiltering - Copying 0 resource from src\main\resources to target\classes
2023-08-29 20:36:32,273 [Worker-56: Building] INFO  o.a.m.s.f.DefaultMavenResourcesFiltering - Copying 0 resource from src\main\resources to target\classes
2023-08-29 20:36:32,288 [Worker-56: Building] INFO  o.a.m.s.f.DefaultMavenResourcesFiltering - skip non existing resourceDirectory C:\Users\rahul\OneDrive\Desktop\AdvanceTrainingJavaMicroservices-main\AdvanceTrainingJavaMicroservices-main\(p6)ebookstoreapp\ebookstoreapp\src\test\resources
2023-08-29 20:36:38,194 [Worker-60: Building] INFO  o.a.m.s.f.DefaultMavenResourcesFiltering - Copying 0 resource from src\main\resources to target\classes
2023-08-29 20:36:38,197 [Worker-60: Building] INFO  o.a.m.s.f.DefaultMavenResourcesFiltering - Copying 0 resource from src\main\resources to target\classes
2023-08-29 20:36:38,203 [Worker-60: Building] INFO  o.a.m.s.f.DefaultMavenResourcesFiltering - skip non existing resourceDirectory C:\Users\rahul\OneDrive\Desktop\AdvanceTrainingJavaMicroservices-main\AdvanceTrainingJavaMicroservices-main\(p6)ebookstoreapp\ebookstoreapp\src\test\resources
2023-08-29 20:37:36,386 [Worker-60: Building] INFO  o.a.m.s.f.DefaultMavenResourcesFiltering - Copying 1 resource from src\main\resources to target\classes
2023-08-29 20:37:36,488 [Worker-60: Building] INFO  o.a.m.s.f.DefaultMavenResourcesFiltering - Copying 0 resource from src\main\resources to target\classes
2023-08-29 20:37:36,516 [Worker-60: Building] INFO  o.a.m.s.f.DefaultMavenResourcesFiltering - skip non existing resourceDirectory C:\Users\rahul\OneDrive\Desktop\AdvanceTrainingJavaMicroservices-main\AdvanceTrainingJavaMicroservices-main\(p5)eBookStore-Config-Server\eBookStore-Config-Server\src\test\resources
2023-08-29 20:37:36,994 [Worker-60: Building] INFO  o.a.m.s.f.DefaultMavenResourcesFiltering - Copying 1 resource from src\main\resources to target\classes
